["1903","Western"]	1
["1908","Sci-Fi"]	1
["1924","Sci-Fi"]	1
["1931","Sci-Fi"]	1
["1936","Western"]	1
["1940","Sci-Fi"]	1
["1949","Western"]	2
["1950","Western"]	4
["1951","Sci-Fi"]	1
["1952","Western"]	1
["1953","Sci-Fi"]	1
["1954","Western"]	1
["1955","Sci-Fi"]	2
["1956","Western"]	3
["1957","Sci-Fi"]	3
["1959","Sci-Fi"]	3
["1960","Sci-Fi"]	2
["1961","Western"]	1
["1962","Sci-Fi"]	1
["1963","Western"]	1
["1964","Sci-Fi"]	2
["1965","Western"]	4
["1966","Sci-Fi"]	3
["1967","Western"]	1
["1968","Sci-Fi"]	7
["1969","Western"]	4
["1970","Western"]	2
["1971","Sci-Fi"]	2
["1972","Western"]	2
["1973","Sci-Fi"]	6
["1974","Western"]	1
["1975","Sci-Fi"]	2
["1977","Sci-Fi"]	3
["1978","Western"]	1
["1979","Sci-Fi"]	10
["1980","Sci-Fi"]	13
["1982","Sci-Fi"]	9
["1983","Western"]	1
["1984","Sci-Fi"]	11
["1985","Western"]	2
["1986","Sci-Fi"]	15
["1987","Western"]	3
["1988","Sci-Fi"]	15
["1989","Western"]	1
["1990","Western"]	4
["1991","Sci-Fi"]	12
["1992","Western"]	1
["1993","Sci-Fi"]	13
["1994","Western"]	7
["1995","Sci-Fi"]	17
["1996","Western"]	1
["1997","Sci-Fi"]	16
["1998","Western"]	2
["1999","Sci-Fi"]	13
["2000","Sci-Fi"]	17
["2001","Western"]	3
["2002","Sci-Fi"]	24
["2003","Western"]	1
["2004","Sci-Fi"]	26
["2006","Sci-Fi"]	20
["2007","Western"]	2
["2008","Sci-Fi"]	27
["2009","Western"]	2
["2010","Western"]	4
["2011","Sci-Fi"]	29
["2012","Western"]	1
["2013","Sci-Fi"]	28
["2014","Western"]	2
["2015","Sci-Fi"]	41
["2016","Western"]	1
["2017","Sci-Fi"]	18
["973)","Sci-Fi"]	1
["995)","Sci-Fi"]	1
["008)","Sci-Fi"]	1
["1927","Sci-Fi"]	1
["1931","Western"]	1
["1939","Western"]	2
["1940","Western"]	2
["1946","Western"]	1
["1948","Western"]	1
["1952","Sci-Fi"]	1
["1953","Western"]	2
["1954","Sci-Fi"]	2
["1955","Western"]	2
["1956","Sci-Fi"]	5
["1957","Western"]	1
["1958","Sci-Fi"]	2
["1959","Western"]	1
["1961","Sci-Fi"]	3
["1962","Western"]	2
["1963","Sci-Fi"]	2
["1964","Western"]	1
["1965","Sci-Fi"]	2
["1966","Western"]	2
["1967","Sci-Fi"]	3
["1968","Western"]	2
["1969","Sci-Fi"]	1
["1970","Sci-Fi"]	1
["1971","Western"]	2
["1972","Sci-Fi"]	5
["1973","Western"]	3
["1974","Sci-Fi"]	2
["1976","Sci-Fi"]	3
["1977","Western"]	1
["1978","Sci-Fi"]	6
["1980","Western"]	1
["1981","Sci-Fi"]	8
["1983","Sci-Fi"]	8
["1985","Sci-Fi"]	16
["1986","Western"]	1
["1987","Sci-Fi"]	18
["1988","Western"]	2
["1989","Sci-Fi"]	12
["1990","Sci-Fi"]	16
["1991","Western"]	1
["1992","Sci-Fi"]	8
["1993","Western"]	3
["1994","Sci-Fi"]	9
["1995","Western"]	5
["1996","Sci-Fi"]	18
["1998","Sci-Fi"]	24
["1999","Western"]	2
["2000","Western"]	2
["2001","Sci-Fi"]	14
["2002","Western"]	2
["2003","Sci-Fi"]	17
["2004","Western"]	3
["2005","Sci-Fi"]	14
["2006","Western"]	1
["2007","Sci-Fi"]	23
["2008","Western"]	3
["2009","Sci-Fi"]	42
["2010","Sci-Fi"]	18
["2011","Western"]	2
["2012","Sci-Fi"]	21
["2014","Sci-Fi"]	28
["2015","Western"]	4
["2016","Sci-Fi"]	29
["2017","Western"]	2
["2018","Sci-Fi"]	13
["lon ","Sci-Fi"]	1
["r On","Sci-Fi"]	1
